c:\users\impablo\source\repos\directx9_imgui\directx9_imgui\debug\vc143.pdb
c:\users\impablo\source\repos\directx9_imgui\directx9_imgui\debug\vc143.idb
c:\users\impablo\source\repos\directx9_imgui\directx9_imgui\debug\imgui_widgets.obj
c:\users\impablo\source\repos\directx9_imgui\directx9_imgui\debug\imgui_impl_win32.obj
c:\users\impablo\source\repos\directx9_imgui\directx9_imgui\debug\imgui_impl_dx9.obj
c:\users\impablo\source\repos\directx9_imgui\directx9_imgui\debug\imgui_draw.obj
c:\users\impablo\source\repos\directx9_imgui\directx9_imgui\debug\imgui_demo.obj
c:\users\impablo\source\repos\directx9_imgui\directx9_imgui\debug\imgui.obj
c:\users\impablo\source\repos\directx9_imgui\directx9_imgui\debug\dll_attach.obj
c:\users\impablo\source\repos\directx9_imgui\directx9_imgui\debug\directx9_imgui.obj
c:\users\impablo\source\repos\directx9_imgui\directx9_imgui\debug\trampoline.obj
c:\users\impablo\source\repos\directx9_imgui\directx9_imgui\debug\hook.obj
c:\users\impablo\source\repos\directx9_imgui\directx9_imgui\debug\hde64.obj
c:\users\impablo\source\repos\directx9_imgui\directx9_imgui\debug\hde32.obj
c:\users\impablo\source\repos\directx9_imgui\directx9_imgui\debug\buffer.obj
c:\users\impablo\source\repos\directx9_imgui\directx9_imgui\debug\esp.obj
c:\users\impablo\source\repos\directx9_imgui\directx9_imgui\debug\classes.obj
c:\users\impablo\source\repos\directx9_imgui\debug\directx9_imgui.dll
c:\users\impablo\source\repos\directx9_imgui\debug\directx9_imgui.pdb
c:\users\impablo\source\repos\directx9_imgui\directx9_imgui\debug\directx9_imgui.ilk
c:\users\impablo\source\repos\directx9_imgui\directx9_imgui\debug\directx9_imgui.obj.enc
c:\users\impablo\source\repos\directx9_imgui\directx9_imgui\debug\directx9_imgui.tlog\cl.command.1.tlog
c:\users\impablo\source\repos\directx9_imgui\directx9_imgui\debug\directx9_imgui.tlog\cl.items.tlog
c:\users\impablo\source\repos\directx9_imgui\directx9_imgui\debug\directx9_imgui.tlog\cl.read.1.tlog
c:\users\impablo\source\repos\directx9_imgui\directx9_imgui\debug\directx9_imgui.tlog\cl.write.1.tlog
c:\users\impablo\source\repos\directx9_imgui\directx9_imgui\debug\directx9_imgui.tlog\link.command.1.tlog
c:\users\impablo\source\repos\directx9_imgui\directx9_imgui\debug\directx9_imgui.tlog\link.read.1.tlog
c:\users\impablo\source\repos\directx9_imgui\directx9_imgui\debug\directx9_imgui.tlog\link.secondary.1.tlog
c:\users\impablo\source\repos\directx9_imgui\directx9_imgui\debug\directx9_imgui.tlog\link.write.1.tlog
